Analysis & Synthesis report for VGA_Img
Thu Apr 20 17:14:12 2023
Quartus Prime Version 18.1.0 Build 625 09/12/2018 SJ Standard Edition


---------------------
; Table of Contents ;
---------------------
  1. Legal Notice
  2. Analysis & Synthesis Summary
  3. Analysis & Synthesis Settings
  4. Parallel Compilation
  5. Analysis & Synthesis Source Files Read
  6. Analysis & Synthesis Resource Usage Summary
  7. Analysis & Synthesis Resource Utilization by Entity
  8. Registers Removed During Synthesis
  9. General Register Statistics
 10. Inverted Register Statistics
 11. Parameter Settings for User Entity Instance: data_gen:u_data_gen
 12. Parameter Settings for User Entity Instance: vga_ctrl:u_vga_ctrl
 13. Post-Synthesis Netlist Statistics for Top Partition
 14. Elapsed Time Per Partition
 15. Analysis & Synthesis Messages
 16. Analysis & Synthesis Suppressed Messages



----------------
; Legal Notice ;
----------------
Copyright (C) 2018  Intel Corporation. All rights reserved.
Your use of Intel Corporation's design tools, logic functions 
and other software and tools, and its AMPP partner logic 
functions, and any output files from any of the foregoing 
(including device programming or simulation files), and any 
associated documentation or information are expressly subject 
to the terms and conditions of the Intel Program License 
Subscription Agreement, the Intel Quartus Prime License Agreement,
the Intel FPGA IP License Agreement, or other applicable license
agreement, including, without limitation, that your use is for
the sole purpose of programming logic devices manufactured by
Intel and sold by Intel or its authorized distributors.  Please
refer to the applicable agreement for further details.



+--------------------------------------------------------------------------------------+
; Analysis & Synthesis Summary                                                         ;
+------------------------------------+-------------------------------------------------+
; Analysis & Synthesis Status        ; Successful - Thu Apr 20 17:14:12 2023           ;
; Quartus Prime Version              ; 18.1.0 Build 625 09/12/2018 SJ Standard Edition ;
; Revision Name                      ; VGA_Img                                         ;
; Top-level Entity Name              ; VGA_Img                                         ;
; Family                             ; Cyclone IV E                                    ;
; Total logic elements               ; 129                                             ;
;     Total combinational functions  ; 111                                             ;
;     Dedicated logic registers      ; 69                                              ;
; Total registers                    ; 69                                              ;
; Total pins                         ; 31                                              ;
; Total virtual pins                 ; 0                                               ;
; Total memory bits                  ; 0                                               ;
; Embedded Multiplier 9-bit elements ; 0                                               ;
; Total PLLs                         ; 0                                               ;
+------------------------------------+-------------------------------------------------+


+------------------------------------------------------------------------------------------------------------+
; Analysis & Synthesis Settings                                                                              ;
+------------------------------------------------------------------+--------------------+--------------------+
; Option                                                           ; Setting            ; Default Value      ;
+------------------------------------------------------------------+--------------------+--------------------+
; Device                                                           ; EP4CE115F29C7      ;                    ;
; Top-level entity name                                            ; VGA_Img            ; VGA_Img            ;
; Family name                                                      ; Cyclone IV E       ; Cyclone V          ;
; Use smart compilation                                            ; Off                ; Off                ;
; Enable parallel Assembler and Timing Analyzer during compilation ; On                 ; On                 ;
; Enable compact report table                                      ; Off                ; Off                ;
; Restructure Multiplexers                                         ; Auto               ; Auto               ;
; Create Debugging Nodes for IP Cores                              ; Off                ; Off                ;
; Preserve fewer node names                                        ; On                 ; On                 ;
; Intel FPGA IP Evaluation Mode                                    ; Enable             ; Enable             ;
; Verilog Version                                                  ; Verilog_2001       ; Verilog_2001       ;
; VHDL Version                                                     ; VHDL_1993          ; VHDL_1993          ;
; State Machine Processing                                         ; Auto               ; Auto               ;
; Safe State Machine                                               ; Off                ; Off                ;
; Extract Verilog State Machines                                   ; On                 ; On                 ;
; Extract VHDL State Machines                                      ; On                 ; On                 ;
; Ignore Verilog initial constructs                                ; Off                ; Off                ;
; Iteration limit for constant Verilog loops                       ; 5000               ; 5000               ;
; Iteration limit for non-constant Verilog loops                   ; 250                ; 250                ;
; Add Pass-Through Logic to Inferred RAMs                          ; On                 ; On                 ;
; Infer RAMs from Raw Logic                                        ; On                 ; On                 ;
; Parallel Synthesis                                               ; On                 ; On                 ;
; DSP Block Balancing                                              ; Auto               ; Auto               ;
; NOT Gate Push-Back                                               ; On                 ; On                 ;
; Power-Up Don't Care                                              ; On                 ; On                 ;
; Remove Redundant Logic Cells                                     ; Off                ; Off                ;
; Remove Duplicate Registers                                       ; On                 ; On                 ;
; Ignore CARRY Buffers                                             ; Off                ; Off                ;
; Ignore CASCADE Buffers                                           ; Off                ; Off                ;
; Ignore GLOBAL Buffers                                            ; Off                ; Off                ;
; Ignore ROW GLOBAL Buffers                                        ; Off                ; Off                ;
; Ignore LCELL Buffers                                             ; Off                ; Off                ;
; Ignore SOFT Buffers                                              ; On                 ; On                 ;
; Limit AHDL Integers to 32 Bits                                   ; Off                ; Off                ;
; Optimization Technique                                           ; Balanced           ; Balanced           ;
; Carry Chain Length                                               ; 70                 ; 70                 ;
; Auto Carry Chains                                                ; On                 ; On                 ;
; Auto Open-Drain Pins                                             ; On                 ; On                 ;
; Perform WYSIWYG Primitive Resynthesis                            ; Off                ; Off                ;
; Auto ROM Replacement                                             ; On                 ; On                 ;
; Auto RAM Replacement                                             ; On                 ; On                 ;
; Auto DSP Block Replacement                                       ; On                 ; On                 ;
; Auto Shift Register Replacement                                  ; Auto               ; Auto               ;
; Allow Shift Register Merging across Hierarchies                  ; Auto               ; Auto               ;
; Auto Clock Enable Replacement                                    ; On                 ; On                 ;
; Strict RAM Replacement                                           ; Off                ; Off                ;
; Allow Synchronous Control Signals                                ; On                 ; On                 ;
; Force Use of Synchronous Clear Signals                           ; Off                ; Off                ;
; Auto RAM Block Balancing                                         ; On                 ; On                 ;
; Auto RAM to Logic Cell Conversion                                ; Off                ; Off                ;
; Auto Resource Sharing                                            ; Off                ; Off                ;
; Allow Any RAM Size For Recognition                               ; Off                ; Off                ;
; Allow Any ROM Size For Recognition                               ; Off                ; Off                ;
; Allow Any Shift Register Size For Recognition                    ; Off                ; Off                ;
; Use LogicLock Constraints during Resource Balancing              ; On                 ; On                 ;
; Ignore translate_off and synthesis_off directives                ; Off                ; Off                ;
; Timing-Driven Synthesis                                          ; On                 ; On                 ;
; Report Parameter Settings                                        ; On                 ; On                 ;
; Report Source Assignments                                        ; On                 ; On                 ;
; Report Connectivity Checks                                       ; On                 ; On                 ;
; Ignore Maximum Fan-Out Assignments                               ; Off                ; Off                ;
; Synchronization Register Chain Length                            ; 2                  ; 2                  ;
; Power Optimization During Synthesis                              ; Normal compilation ; Normal compilation ;
; HDL message level                                                ; Level2             ; Level2             ;
; Suppress Register Optimization Related Messages                  ; Off                ; Off                ;
; Number of Removed Registers Reported in Synthesis Report         ; 5000               ; 5000               ;
; Number of Swept Nodes Reported in Synthesis Report               ; 5000               ; 5000               ;
; Number of Inverted Registers Reported in Synthesis Report        ; 100                ; 100                ;
; Clock MUX Protection                                             ; On                 ; On                 ;
; Auto Gated Clock Conversion                                      ; Off                ; Off                ;
; Block Design Naming                                              ; Auto               ; Auto               ;
; SDC constraint protection                                        ; Off                ; Off                ;
; Synthesis Effort                                                 ; Auto               ; Auto               ;
; Shift Register Replacement - Allow Asynchronous Clear Signal     ; On                 ; On                 ;
; Pre-Mapping Resynthesis Optimization                             ; Off                ; Off                ;
; Analysis & Synthesis Message Level                               ; Medium             ; Medium             ;
; Disable Register Merging Across Hierarchies                      ; Auto               ; Auto               ;
; Resource Aware Inference For Block RAM                           ; On                 ; On                 ;
+------------------------------------------------------------------+--------------------+--------------------+


+------------------------------------------+
; Parallel Compilation                     ;
+----------------------------+-------------+
; Processors                 ; Number      ;
+----------------------------+-------------+
; Number detected on machine ; 16          ;
; Maximum allowed            ; 8           ;
;                            ;             ;
; Average used               ; 1.00        ;
; Maximum used               ; 8           ;
;                            ;             ;
; Usage by Processor         ; % Time Used ;
;     Processor 1            ; 100.0%      ;
;     Processors 2-8         ;   0.0%      ;
+----------------------------+-------------+


+----------------------------------------------------------------------------------------------------------------------------------+
; Analysis & Synthesis Source Files Read                                                                                           ;
+----------------------------------+-----------------+------------------------+------------------------------------------+---------+
; File Name with User-Entered Path ; Used in Netlist ; File Type              ; File Name with Absolute Path             ; Library ;
+----------------------------------+-----------------+------------------------+------------------------------------------+---------+
; ../src/vga_para.v                ; yes             ; User Verilog HDL File  ; D:/code-file/FPGA/vga_img/src/vga_para.v ;         ;
; ../src/VGA_Img.v                 ; yes             ; User Verilog HDL File  ; D:/code-file/FPGA/vga_img/src/VGA_Img.v  ;         ;
; ../src/vga_ctrl.v                ; yes             ; User Verilog HDL File  ; D:/code-file/FPGA/vga_img/src/vga_ctrl.v ;         ;
; ../src/data_gen.v                ; yes             ; User Verilog HDL File  ; D:/code-file/FPGA/vga_img/src/data_gen.v ;         ;
+----------------------------------+-----------------+------------------------+------------------------------------------+---------+


+-----------------------------------------------------------+
; Analysis & Synthesis Resource Usage Summary               ;
+---------------------------------------------+-------------+
; Resource                                    ; Usage       ;
+---------------------------------------------+-------------+
; Estimated Total logic elements              ; 129         ;
;                                             ;             ;
; Total combinational functions               ; 111         ;
; Logic element usage by number of LUT inputs ;             ;
;     -- 4 input functions                    ; 50          ;
;     -- 3 input functions                    ; 5           ;
;     -- <=2 input functions                  ; 56          ;
;                                             ;             ;
; Logic elements by mode                      ;             ;
;     -- normal mode                          ; 71          ;
;     -- arithmetic mode                      ; 40          ;
;                                             ;             ;
; Total registers                             ; 69          ;
;     -- Dedicated logic registers            ; 69          ;
;     -- I/O registers                        ; 0           ;
;                                             ;             ;
; I/O pins                                    ; 31          ;
;                                             ;             ;
; Embedded Multiplier 9-bit elements          ; 0           ;
;                                             ;             ;
; Maximum fan-out node                        ; rst_n~input ;
; Maximum fan-out                             ; 69          ;
; Total fan-out                               ; 635         ;
; Average fan-out                             ; 2.62        ;
+---------------------------------------------+-------------+


+-------------------------------------------------------------------------------------------------------------------------------------------------------------------------------------------------------------------+
; Analysis & Synthesis Resource Utilization by Entity                                                                                                                                                               ;
+----------------------------+---------------------+---------------------------+-------------+--------------+---------+-----------+------+--------------+------------------------------+-------------+--------------+
; Compilation Hierarchy Node ; Combinational ALUTs ; Dedicated Logic Registers ; Memory Bits ; DSP Elements ; DSP 9x9 ; DSP 18x18 ; Pins ; Virtual Pins ; Full Hierarchy Name          ; Entity Name ; Library Name ;
+----------------------------+---------------------+---------------------------+-------------+--------------+---------+-----------+------+--------------+------------------------------+-------------+--------------+
; |VGA_Img                   ; 111 (0)             ; 69 (0)                    ; 0           ; 0            ; 0       ; 0         ; 31   ; 0            ; |VGA_Img                     ; VGA_Img     ; work         ;
;    |data_gen:u_data_gen|   ; 29 (29)             ; 6 (6)                     ; 0           ; 0            ; 0       ; 0         ; 0    ; 0            ; |VGA_Img|data_gen:u_data_gen ; data_gen    ; work         ;
;    |vga_ctrl:u_vga_ctrl|   ; 82 (82)             ; 63 (63)                   ; 0           ; 0            ; 0       ; 0         ; 0    ; 0            ; |VGA_Img|vga_ctrl:u_vga_ctrl ; vga_ctrl    ; work         ;
+----------------------------+---------------------+---------------------------+-------------+--------------+---------+-----------+------+--------------+------------------------------+-------------+--------------+
Note: For table entries with two numbers listed, the numbers in parentheses indicate the number of resources of the given type used by the specific entity alone. The numbers listed outside of parentheses indicate the total resources of the given type used by the specific entity and all of its sub-entities in the hierarchy.


+-----------------------------------------------------------------------------------------+
; Registers Removed During Synthesis                                                      ;
+------------------------------------------+----------------------------------------------+
; Register name                            ; Reason for Removal                           ;
+------------------------------------------+----------------------------------------------+
; data_gen:u_data_gen|data_dis[17..21]     ; Merged with data_gen:u_data_gen|data_dis[16] ;
; data_gen:u_data_gen|data_dis[23]         ; Merged with data_gen:u_data_gen|data_dis[22] ;
; data_gen:u_data_gen|data_dis[8,9,11..13] ; Merged with data_gen:u_data_gen|data_dis[10] ;
; data_gen:u_data_gen|data_dis[15]         ; Merged with data_gen:u_data_gen|data_dis[14] ;
; data_gen:u_data_gen|data_dis[1..5]       ; Merged with data_gen:u_data_gen|data_dis[0]  ;
; data_gen:u_data_gen|data_dis[7]          ; Merged with data_gen:u_data_gen|data_dis[6]  ;
; Total Number of Removed Registers = 18   ;                                              ;
+------------------------------------------+----------------------------------------------+


+------------------------------------------------------+
; General Register Statistics                          ;
+----------------------------------------------+-------+
; Statistic                                    ; Value ;
+----------------------------------------------+-------+
; Total registers                              ; 69    ;
; Number of registers using Synchronous Clear  ; 35    ;
; Number of registers using Synchronous Load   ; 0     ;
; Number of registers using Asynchronous Clear ; 69    ;
; Number of registers using Asynchronous Load  ; 0     ;
; Number of registers using Clock Enable       ; 12    ;
; Number of registers using Preset             ; 0     ;
+----------------------------------------------+-------+


+--------------------------------------------------+
; Inverted Register Statistics                     ;
+----------------------------------------+---------+
; Inverted Register                      ; Fan out ;
+----------------------------------------+---------+
; vga_ctrl:u_vga_ctrl|hsync              ; 2       ;
; vga_ctrl:u_vga_ctrl|vsync              ; 2       ;
; Total number of inverted registers = 2 ;         ;
+----------------------------------------+---------+


+------------------------------------------------------------------+
; Parameter Settings for User Entity Instance: data_gen:u_data_gen ;
+----------------+--------------------------+----------------------+
; Parameter Name ; Value                    ; Type                 ;
+----------------+--------------------------+----------------------+
; BLACK          ; 000000000000000000000000 ; Unsigned Binary      ;
; RED            ; 111111110000000000000000 ; Unsigned Binary      ;
; GREEN          ; 000000001111111100000000 ; Unsigned Binary      ;
; BLUE           ; 000000000000000011111111 ; Unsigned Binary      ;
; YELLOW         ; 111111111111111100000000 ; Unsigned Binary      ;
; SKY_BLUE       ; 000000001111111111111111 ; Unsigned Binary      ;
; PURPLE         ; 111111110000000011111111 ; Unsigned Binary      ;
; GRAY           ; 110000001100000011000000 ; Unsigned Binary      ;
; WHITE          ; 111111111111111111111111 ; Unsigned Binary      ;
+----------------+--------------------------+----------------------+
Note: In order to hide this table in the UI and the text report file, please set the "Show Parameter Settings in Synthesis Report" option in "Analysis and Synthesis Settings -> More Settings" to "Off".


+------------------------------------------------------------------+
; Parameter Settings for User Entity Instance: vga_ctrl:u_vga_ctrl ;
+----------------+-------+-----------------------------------------+
; Parameter Name ; Value ; Type                                    ;
+----------------+-------+-----------------------------------------+
; H_SYNC_STA     ; 1     ; Signed Integer                          ;
; H_SYNC_STO     ; 96    ; Signed Integer                          ;
; H_Data_STA     ; 140   ; Signed Integer                          ;
; H_Data_STO     ; 780   ; Signed Integer                          ;
; V_SYNC_STA     ; 1     ; Signed Integer                          ;
; V_SYNC_STO     ; 2     ; Signed Integer                          ;
; V_Data_STA     ; 35    ; Signed Integer                          ;
; V_Data_STO     ; 515   ; Signed Integer                          ;
+----------------+-------+-----------------------------------------+
Note: In order to hide this table in the UI and the text report file, please set the "Show Parameter Settings in Synthesis Report" option in "Analysis and Synthesis Settings -> More Settings" to "Off".


+-----------------------------------------------------+
; Post-Synthesis Netlist Statistics for Top Partition ;
+-----------------------+-----------------------------+
; Type                  ; Count                       ;
+-----------------------+-----------------------------+
; boundary_port         ; 31                          ;
; cycloneiii_ff         ; 69                          ;
;     CLR               ; 34                          ;
;     CLR SCLR          ; 23                          ;
;     ENA CLR SCLR      ; 12                          ;
; cycloneiii_lcell_comb ; 114                         ;
;     arith             ; 40                          ;
;         2 data inputs ; 40                          ;
;     normal            ; 74                          ;
;         0 data inputs ; 1                           ;
;         1 data inputs ; 7                           ;
;         2 data inputs ; 11                          ;
;         3 data inputs ; 5                           ;
;         4 data inputs ; 50                          ;
;                       ;                             ;
; Max LUT depth         ; 6.00                        ;
; Average LUT depth     ; 2.83                        ;
+-----------------------+-----------------------------+


+-------------------------------+
; Elapsed Time Per Partition    ;
+----------------+--------------+
; Partition Name ; Elapsed Time ;
+----------------+--------------+
; Top            ; 00:00:00     ;
+----------------+--------------+


+-------------------------------+
; Analysis & Synthesis Messages ;
+-------------------------------+
Info: *******************************************************************
Info: Running Quartus Prime Analysis & Synthesis
    Info: Version 18.1.0 Build 625 09/12/2018 SJ Standard Edition
    Info: Processing started: Thu Apr 20 17:14:00 2023
Info: Command: quartus_map --read_settings_files=on --write_settings_files=off VGA_Img -c VGA_Img
Warning (18236): Number of processors has not been specified which may cause overloading on shared machines.  Set the global assignment NUM_PARALLEL_PROCESSORS in your QSF to an appropriate value for best performance.
Info (20030): Parallel compilation is enabled and will use 8 of the 8 processors detected
Info (12021): Found 0 design units, including 0 entities, in source file /code-file/fpga/vga_img/src/vga_para.v
Info (12021): Found 1 design units, including 1 entities, in source file /code-file/fpga/vga_img/tb/tb.v
    Info (12023): Found entity 1: vga_top_tb File: D:/code-file/FPGA/vga_img/tb/tb.v Line: 2
Info (12021): Found 1 design units, including 1 entities, in source file /code-file/fpga/vga_img/src/vga_img.v
    Info (12023): Found entity 1: VGA_Img File: D:/code-file/FPGA/vga_img/src/VGA_Img.v Line: 2
Info (12021): Found 1 design units, including 1 entities, in source file /code-file/fpga/vga_img/src/vga_ctrl.v
    Info (12023): Found entity 1: vga_ctrl File: D:/code-file/FPGA/vga_img/src/vga_ctrl.v Line: 4
Info (12021): Found 1 design units, including 1 entities, in source file /code-file/fpga/vga_img/src/data_gen.v
    Info (12023): Found entity 1: data_gen File: D:/code-file/FPGA/vga_img/src/data_gen.v Line: 2
Info (12127): Elaborating entity "VGA_Img" for the top level hierarchy
Info (12128): Elaborating entity "data_gen" for hierarchy "data_gen:u_data_gen" File: D:/code-file/FPGA/vga_img/src/VGA_Img.v Line: 26
Info (12128): Elaborating entity "vga_ctrl" for hierarchy "vga_ctrl:u_vga_ctrl" File: D:/code-file/FPGA/vga_img/src/VGA_Img.v Line: 42
Warning (10230): Verilog HDL assignment warning at vga_ctrl.v(145): truncated value with size 32 to match size of target (11) File: D:/code-file/FPGA/vga_img/src/vga_ctrl.v Line: 145
Warning (10230): Verilog HDL assignment warning at vga_ctrl.v(158): truncated value with size 32 to match size of target (11) File: D:/code-file/FPGA/vga_img/src/vga_ctrl.v Line: 158
Info (13000): Registers with preset signals will power-up high File: D:/code-file/FPGA/vga_img/src/vga_ctrl.v Line: 12
Info (13003): DEV_CLRn pin will set, and not reset, register with preset signal due to NOT Gate Push-Back
Warning (13024): Output pins are stuck at VCC or GND
    Warning (13410): Pin "sync" is stuck at GND File: D:/code-file/FPGA/vga_img/src/VGA_Img.v Line: 8
Info (286030): Timing-Driven Synthesis is running
Info (144001): Generated suppressed messages file D:/code-file/FPGA/vga_img/prj/output_files/VGA_Img.map.smsg
Info (16010): Generating hard_block partition "hard_block:auto_generated_inst"
    Info (16011): Adding 0 node(s), including 0 DDIO, 0 PLL, 0 transceiver and 0 LCELL
Info (21057): Implemented 166 device resources after synthesis - the final resource count might be different
    Info (21058): Implemented 2 input pins
    Info (21059): Implemented 29 output pins
    Info (21061): Implemented 135 logic cells
Info: Quartus Prime Analysis & Synthesis was successful. 0 errors, 5 warnings
    Info: Peak virtual memory: 4810 megabytes
    Info: Processing ended: Thu Apr 20 17:14:12 2023
    Info: Elapsed time: 00:00:12
    Info: Total CPU time (on all processors): 00:00:10


+------------------------------------------+
; Analysis & Synthesis Suppressed Messages ;
+------------------------------------------+
The suppressed messages can be found in D:/code-file/FPGA/vga_img/prj/output_files/VGA_Img.map.smsg.


