Flow report for Nios
Wed Apr 05 19:02:42 2023
Quartus Prime Version 18.1.0 Build 625 09/12/2018 SJ Standard Edition


---------------------
; Table of Contents ;
---------------------
  1. Legal Notice
  2. Flow Summary
  3. Flow Settings
  4. Flow Non-Default Global Settings
  5. Flow Elapsed Time
  6. Flow OS Summary
  7. Flow Log
  8. Flow Messages
  9. Flow Suppressed Messages



----------------
; Legal Notice ;
----------------
Copyright (C) 2018  Intel Corporation. All rights reserved.
Your use of Intel Corporation's design tools, logic functions 
and other software and tools, and its AMPP partner logic 
functions, and any output files from any of the foregoing 
(including device programming or simulation files), and any 
associated documentation or information are expressly subject 
to the terms and conditions of the Intel Program License 
Subscription Agreement, the Intel Quartus Prime License Agreement,
the Intel FPGA IP License Agreement, or other applicable license
agreement, including, without limitation, that your use is for
the sole purpose of programming logic devices manufactured by
Intel and sold by Intel or its authorized distributors.  Please
refer to the applicable agreement for further details.



+--------------------------------------------------------------------------------------+
; Flow Summary                                                                         ;
+------------------------------------+-------------------------------------------------+
; Flow Status                        ; Successful - Wed Apr 05 19:02:42 2023           ;
; Quartus Prime Version              ; 18.1.0 Build 625 09/12/2018 SJ Standard Edition ;
; Revision Name                      ; Nios                                            ;
; Top-level Entity Name              ; Nios                                            ;
; Family                             ; Cyclone IV E                                    ;
; Device                             ; EP4CE115F29C7                                   ;
; Timing Models                      ; Final                                           ;
; Total logic elements               ; 3,129 / 114,480 ( 3 % )                         ;
;     Total combinational functions  ; 2,782 / 114,480 ( 2 % )                         ;
;     Dedicated logic registers      ; 1,843 / 114,480 ( 2 % )                         ;
; Total registers                    ; 1843                                            ;
; Total pins                         ; 10 / 529 ( 2 % )                                ;
; Total virtual pins                 ; 0                                               ;
; Total memory bits                  ; 391,232 / 3,981,312 ( 10 % )                    ;
; Embedded Multiplier 9-bit elements ; 6 / 532 ( 1 % )                                 ;
; Total PLLs                         ; 0 / 4 ( 0 % )                                   ;
+------------------------------------+-------------------------------------------------+


+-----------------------------------------+
; Flow Settings                           ;
+-------------------+---------------------+
; Option            ; Setting             ;
+-------------------+---------------------+
; Start date & time ; 04/05/2023 19:01:28 ;
; Main task         ; Compilation         ;
; Revision Name     ; Nios                ;
+-------------------+---------------------+


+---------------------------------------------------------------------------------------------------------------------------------------------+
; Flow Non-Default Global Settings                                                                                                            ;
+-------------------------------------+--------------------------------------------------------+---------------+-------------+----------------+
; Assignment Name                     ; Value                                                  ; Default Value ; Entity Name ; Section Id     ;
+-------------------------------------+--------------------------------------------------------+---------------+-------------+----------------+
; COMPILER_SIGNATURE_ID               ; 1019189133943.168069248831692                          ; --            ; --          ; --             ;
; EDA_OUTPUT_DATA_FORMAT              ; Verilog Hdl                                            ; --            ; --          ; eda_simulation ;
; EDA_SIMULATION_TOOL                 ; ModelSim-Altera (Verilog)                              ; <None>        ; --          ; --             ;
; EDA_TIME_SCALE                      ; 1 ps                                                   ; --            ; --          ; eda_simulation ;
; MAX_CORE_JUNCTION_TEMP              ; 85                                                     ; --            ; --          ; --             ;
; MIN_CORE_JUNCTION_TEMP              ; 0                                                      ; --            ; --          ; --             ;
; MISC_FILE                           ; ../qsys/Nios/synthesis/../Nios.cmp                     ; --            ; --          ; --             ;
; MISC_FILE                           ; ../qsys/Nios/synthesis/../../Nios.qsys                 ; --            ; --          ; --             ;
; NOMINAL_CORE_SUPPLY_VOLTAGE         ; 1.2V                                                   ; --            ; --          ; --             ;
; OUTPUT_IO_TIMING_FAR_END_VMEAS      ; Half Signal Swing                                      ; --            ; --          ; --             ;
; OUTPUT_IO_TIMING_FAR_END_VMEAS      ; Half Signal Swing                                      ; --            ; --          ; --             ;
; OUTPUT_IO_TIMING_NEAR_END_VMEAS     ; Half Vccio                                             ; --            ; --          ; --             ;
; OUTPUT_IO_TIMING_NEAR_END_VMEAS     ; Half Vccio                                             ; --            ; --          ; --             ;
; PARTITION_COLOR                     ; -- (Not supported for targeted family)                 ; --            ; --          ; Top            ;
; PARTITION_FITTER_PRESERVATION_LEVEL ; -- (Not supported for targeted family)                 ; --            ; --          ; Top            ;
; PARTITION_NETLIST_TYPE              ; -- (Not supported for targeted family)                 ; --            ; --          ; Top            ;
; POWER_BOARD_THERMAL_MODEL           ; None (CONSERVATIVE)                                    ; --            ; --          ; --             ;
; POWER_PRESET_COOLING_SOLUTION       ; 23 MM HEAT SINK WITH 200 LFPM AIRFLOW                  ; --            ; --          ; --             ;
; PROJECT_OUTPUT_DIRECTORY            ; output_files                                           ; --            ; --          ; --             ;
; SLD_FILE                            ; ../qsys/Nios/synthesis/Nios.regmap                     ; --            ; --          ; --             ;
; SLD_FILE                            ; ../qsys/Nios/synthesis/Nios.debuginfo                  ; --            ; --          ; --             ;
; SLD_INFO                            ; QSYS_NAME Nios HAS_SOPCINFO 1 GENERATION_ID 1680686217 ; --            ; --          ; --             ;
; SOPCINFO_FILE                       ; ../qsys/Nios/synthesis/../../Nios.sopcinfo             ; --            ; --          ; --             ;
; SYNTHESIS_ONLY_QIP                  ; On                                                     ; --            ; --          ; --             ;
+-------------------------------------+--------------------------------------------------------+---------------+-------------+----------------+


+--------------------------------------------------------------------------------------------------------------------------+
; Flow Elapsed Time                                                                                                        ;
+----------------------+--------------+-------------------------+---------------------+------------------------------------+
; Module Name          ; Elapsed Time ; Average Processors Used ; Peak Virtual Memory ; Total CPU Time (on all processors) ;
+----------------------+--------------+-------------------------+---------------------+------------------------------------+
; Analysis & Synthesis ; 00:00:43     ; 1.0                     ; 4971 MB             ; 00:00:25                           ;
; Fitter               ; 00:00:16     ; 1.1                     ; 6141 MB             ; 00:00:11                           ;
; Assembler            ; 00:00:03     ; 1.0                     ; 4706 MB             ; 00:00:02                           ;
; Timing Analyzer      ; 00:00:02     ; 1.3                     ; 4930 MB             ; 00:00:01                           ;
; EDA Netlist Writer   ; 00:00:04     ; 1.0                     ; 4715 MB             ; 00:00:02                           ;
; Total                ; 00:01:08     ; --                      ; --                  ; 00:00:41                           ;
+----------------------+--------------+-------------------------+---------------------+------------------------------------+


+------------------------------------------------------------------------------------+
; Flow OS Summary                                                                    ;
+----------------------+------------------+------------+------------+----------------+
; Module Name          ; Machine Hostname ; OS Name    ; OS Version ; Processor type ;
+----------------------+------------------+------------+------------+----------------+
; Analysis & Synthesis ; ppqppl           ; Windows 10 ; 10.0       ; x86_64         ;
; Fitter               ; ppqppl           ; Windows 10 ; 10.0       ; x86_64         ;
; Assembler            ; ppqppl           ; Windows 10 ; 10.0       ; x86_64         ;
; Timing Analyzer      ; ppqppl           ; Windows 10 ; 10.0       ; x86_64         ;
; EDA Netlist Writer   ; ppqppl           ; Windows 10 ; 10.0       ; x86_64         ;
+----------------------+------------------+------------+------------+----------------+


------------
; Flow Log ;
------------
quartus_map --read_settings_files=on --write_settings_files=off Nios -c Nios
quartus_fit --read_settings_files=off --write_settings_files=off Nios -c Nios
quartus_asm --read_settings_files=off --write_settings_files=off Nios -c Nios
quartus_sta Nios -c Nios
quartus_eda --read_settings_files=off --write_settings_files=off Nios -c Nios



