
*** Running vivado
    with args -log HLS_HelloWorld.vdi -applog -m64 -product Vivado -messageDb vivado.pb -mode batch -source HLS_HelloWorld.tcl -notrace


****** Vivado v2018.3 (64-bit)
  **** SW Build 2405991 on Thu Dec  6 23:38:27 MST 2018
  **** IP Build 2404404 on Fri Dec  7 01:43:56 MST 2018
    ** Copyright 1986-2018 Xilinx, Inc. All Rights Reserved.

source HLS_HelloWorld.tcl -notrace
INFO: [IP_Flow 19-234] Refreshing IP repositories
INFO: [IP_Flow 19-1700] Loaded user IP repository 'd:/code-file/FPGA/HLS/hls_helloworld/HLS_HelloWorld/ip'.
INFO: [IP_Flow 19-2313] Loaded Vivado IP repository 'D:/environment/IDE/vivado/Vivado/2018.3/data/ip'.
Command: link_design -top HLS_HelloWorld -part xc7z020clg400-2
Design is defaulting to srcset: sources_1
Design is defaulting to constrset: constrs_1
INFO: [Project 1-454] Reading design checkpoint 'd:/code-file/FPGA/HLS/hls_helloworld/HLS_HelloWorld/HLS_HelloWorld.srcs/sources_1/ip/flash_led_0/flash_led_0.dcp' for cell 'inst_flash_led'
INFO: [Project 1-454] Reading design checkpoint 'd:/code-file/FPGA/HLS/hls_helloworld/HLS_HelloWorld/HLS_HelloWorld.srcs/sources_1/ip/ila_0/ila_0.dcp' for cell 'inst_ila'
INFO: [Netlist 29-17] Analyzing 61 Unisim elements for replacement
INFO: [Netlist 29-28] Unisim Transformation completed in 0 CPU seconds
INFO: [Project 1-479] Netlist was created with Vivado 2018.3
INFO: [Device 21-403] Loading part xc7z020clg400-2
INFO: [Project 1-570] Preparing netlist for logic optimization
INFO: [Chipscope 16-324] Core: inst_ila UUID: f1dd75a8-7315-5b6f-98e4-d8e494bd4b4c 
Parsing XDC File [d:/code-file/FPGA/HLS/hls_helloworld/HLS_HelloWorld/HLS_HelloWorld.srcs/sources_1/ip/ila_0/ila_v6_2/constraints/ila_impl.xdc] for cell 'inst_ila/inst'
Finished Parsing XDC File [d:/code-file/FPGA/HLS/hls_helloworld/HLS_HelloWorld/HLS_HelloWorld.srcs/sources_1/ip/ila_0/ila_v6_2/constraints/ila_impl.xdc] for cell 'inst_ila/inst'
Parsing XDC File [d:/code-file/FPGA/HLS/hls_helloworld/HLS_HelloWorld/HLS_HelloWorld.srcs/sources_1/ip/ila_0/ila_v6_2/constraints/ila.xdc] for cell 'inst_ila/inst'
Finished Parsing XDC File [d:/code-file/FPGA/HLS/hls_helloworld/HLS_HelloWorld/HLS_HelloWorld.srcs/sources_1/ip/ila_0/ila_v6_2/constraints/ila.xdc] for cell 'inst_ila/inst'
Parsing XDC File [D:/code-file/FPGA/HLS/hls_helloworld/HLS_HelloWorld/HLS_HelloWorld.srcs/top_pin.xdc]
Finished Parsing XDC File [D:/code-file/FPGA/HLS/hls_helloworld/HLS_HelloWorld/HLS_HelloWorld.srcs/top_pin.xdc]
INFO: [Opt 31-138] Pushed 0 inverter(s) to 0 load pin(s).
Netlist sorting complete. Time (s): cpu = 00:00:00 ; elapsed = 00:00:00.001 . Memory (MB): peak = 771.973 ; gain = 0.000
INFO: [Project 1-111] Unisim Transformation Summary:
  A total of 36 instances were transformed.
  CFGLUT5 => CFGLUT5 (SRLC32E, SRL16E): 36 instances

13 Infos, 0 Warnings, 0 Critical Warnings and 0 Errors encountered.
link_design completed successfully
link_design: Time (s): cpu = 00:00:06 ; elapsed = 00:00:08 . Memory (MB): peak = 771.973 ; gain = 370.254
Command: opt_design
Attempting to get a license for feature 'Implementation' and/or device 'xc7z020'
INFO: [Common 17-349] Got license for feature 'Implementation' and/or device 'xc7z020'
Running DRC as a precondition to command opt_design

Starting DRC Task
INFO: [DRC 23-27] Running DRC with 2 threads
INFO: [Project 1-461] DRC finished with 0 Errors
INFO: [Project 1-462] Please refer to the DRC report (report_drc) for more information.

Time (s): cpu = 00:00:01 ; elapsed = 00:00:00.616 . Memory (MB): peak = 783.695 ; gain = 11.723

Starting Cache Timing Information Task
INFO: [Timing 38-35] Done setting XDC timing constraints.
Ending Cache Timing Information Task | Checksum: 128beb511

Time (s): cpu = 00:00:09 ; elapsed = 00:00:09 . Memory (MB): peak = 1340.219 ; gain = 556.523

Starting Logic Optimization Task

Phase 1 Generate And Synthesize Debug Cores
INFO: [Chipscope 16-329] Generating Script for core instance : dbg_hub 
INFO: [IP_Flow 19-3806] Processing IP xilinx.com:ip:xsdbm:3.0 for cell dbg_hub_CV.
Netlist sorting complete. Time (s): cpu = 00:00:00 ; elapsed = 00:00:00.026 . Memory (MB): peak = 1453.523 ; gain = 0.000
Phase 1 Generate And Synthesize Debug Cores | Checksum: 245c317da

Time (s): cpu = 00:00:00 ; elapsed = 00:01:26 . Memory (MB): peak = 1453.523 ; gain = 14.871

Phase 2 Retarget
INFO: [Opt 31-138] Pushed 1 inverter(s) to 4 load pin(s).
INFO: [Opt 31-49] Retargeted 0 cell(s).
Phase 2 Retarget | Checksum: 1f9bd7085

Time (s): cpu = 00:00:00 ; elapsed = 00:01:26 . Memory (MB): peak = 1453.523 ; gain = 14.871
INFO: [Opt 31-389] Phase Retarget created 4 cells and removed 12 cells
INFO: [Opt 31-1021] In phase Retarget, 192 netlist objects are constrained preventing optimization. Please run opt_design with -debug_log to get more detail. 

Phase 3 Constant propagation
INFO: [Opt 31-138] Pushed 0 inverter(s) to 0 load pin(s).
Phase 3 Constant propagation | Checksum: 1ab9c1df9

Time (s): cpu = 00:00:00 ; elapsed = 00:01:26 . Memory (MB): peak = 1453.523 ; gain = 14.871
INFO: [Opt 31-389] Phase Constant propagation created 0 cells and removed 16 cells
INFO: [Opt 31-1021] In phase Constant propagation, 170 netlist objects are constrained preventing optimization. Please run opt_design with -debug_log to get more detail. 

Phase 4 Sweep
Phase 4 Sweep | Checksum: 24d1420d3

Time (s): cpu = 00:00:01 ; elapsed = 00:01:26 . Memory (MB): peak = 1453.523 ; gain = 14.871
INFO: [Opt 31-389] Phase Sweep created 0 cells and removed 47 cells
INFO: [Opt 31-1021] In phase Sweep, 873 netlist objects are constrained preventing optimization. Please run opt_design with -debug_log to get more detail. 

Phase 5 BUFG optimization
Phase 5 BUFG optimization | Checksum: 24d1420d3

Time (s): cpu = 00:00:01 ; elapsed = 00:01:26 . Memory (MB): peak = 1453.523 ; gain = 14.871
INFO: [Opt 31-662] Phase BUFG optimization created 0 cells of which 0 are BUFGs and removed 0 cells.

Phase 6 Shift Register Optimization
Phase 6 Shift Register Optimization | Checksum: 162714660

Time (s): cpu = 00:00:01 ; elapsed = 00:01:26 . Memory (MB): peak = 1453.523 ; gain = 14.871
INFO: [Opt 31-389] Phase Shift Register Optimization created 0 cells and removed 0 cells

Phase 7 Post Processing Netlist
Phase 7 Post Processing Netlist | Checksum: 162714660

Time (s): cpu = 00:00:01 ; elapsed = 00:01:27 . Memory (MB): peak = 1453.523 ; gain = 14.871
INFO: [Opt 31-389] Phase Post Processing Netlist created 0 cells and removed 0 cells
INFO: [Opt 31-1021] In phase Post Processing Netlist, 63 netlist objects are constrained preventing optimization. Please run opt_design with -debug_log to get more detail. 
Opt_design Change Summary
=========================


-------------------------------------------------------------------------------------------------------------------------
|  Phase                        |  #Cells created  |  #Cells Removed  |  #Constrained objects preventing optimizations  |
-------------------------------------------------------------------------------------------------------------------------
|  Retarget                     |               4  |              12  |                                            192  |
|  Constant propagation         |               0  |              16  |                                            170  |
|  Sweep                        |               0  |              47  |                                            873  |
|  BUFG optimization            |               0  |               0  |                                              0  |
|  Shift Register Optimization  |               0  |               0  |                                              0  |
|  Post Processing Netlist      |               0  |               0  |                                             63  |
-------------------------------------------------------------------------------------------------------------------------



Starting Connectivity Check Task

Time (s): cpu = 00:00:00 ; elapsed = 00:00:00.008 . Memory (MB): peak = 1453.523 ; gain = 0.000
Ending Logic Optimization Task | Checksum: 162714660

Time (s): cpu = 00:00:01 ; elapsed = 00:01:27 . Memory (MB): peak = 1453.523 ; gain = 14.871

Starting Power Optimization Task
INFO: [Pwropt 34-132] Skipping clock gating for clocks with a period < 2.00 ns.
INFO: [Timing 38-35] Done setting XDC timing constraints.
INFO: [Pwropt 34-9] Applying IDT optimizations ...
INFO: [Pwropt 34-10] Applying ODC optimizations ...
INFO: [Physopt 32-619] Estimated Timing Summary | WNS=15.309 | TNS=0.000 |
Running Vector-less Activity Propagation...

Finished Running Vector-less Activity Propagation


Starting PowerOpt Patch Enables Task
INFO: [Pwropt 34-162] WRITE_MODE attribute of 0 BRAM(s) out of a total of 1 has been updated to save power. Run report_power_opt to get a complete listing of the BRAMs updated.
INFO: [Pwropt 34-201] Structural ODC has moved 0 WE to EN ports
Number of BRAM Ports augmented: 1 newly gated: 0 Total Ports: 2
Ending PowerOpt Patch Enables Task | Checksum: 1d4c491c6

Time (s): cpu = 00:00:00 ; elapsed = 00:00:00.026 . Memory (MB): peak = 1601.348 ; gain = 0.000
Ending Power Optimization Task | Checksum: 1d4c491c6

Time (s): cpu = 00:00:01 ; elapsed = 00:00:02 . Memory (MB): peak = 1601.348 ; gain = 147.824

Starting Final Cleanup Task
Ending Final Cleanup Task | Checksum: 1d4c491c6

Time (s): cpu = 00:00:00 ; elapsed = 00:00:00 . Memory (MB): peak = 1601.348 ; gain = 0.000

Starting Netlist Obfuscation Task
Netlist sorting complete. Time (s): cpu = 00:00:00 ; elapsed = 00:00:00.003 . Memory (MB): peak = 1601.348 ; gain = 0.000
Ending Netlist Obfuscation Task | Checksum: 1328ad5d4

Time (s): cpu = 00:00:00 ; elapsed = 00:00:00.003 . Memory (MB): peak = 1601.348 ; gain = 0.000
INFO: [Common 17-83] Releasing license: Implementation
44 Infos, 0 Warnings, 0 Critical Warnings and 0 Errors encountered.
opt_design completed successfully
opt_design: Time (s): cpu = 00:00:13 ; elapsed = 00:01:39 . Memory (MB): peak = 1601.348 ; gain = 829.375
Netlist sorting complete. Time (s): cpu = 00:00:00 ; elapsed = 00:00:00.002 . Memory (MB): peak = 1601.348 ; gain = 0.000
INFO: [Timing 38-480] Writing timing data to binary archive.
Writing placer database...
Writing XDEF routing.
Writing XDEF routing logical nets.
Writing XDEF routing special nets.
Write XDEF Complete: Time (s): cpu = 00:00:00 ; elapsed = 00:00:00.071 . Memory (MB): peak = 1601.348 ; gain = 0.000
Netlist sorting complete. Time (s): cpu = 00:00:00 ; elapsed = 00:00:00.002 . Memory (MB): peak = 1601.348 ; gain = 0.000
INFO: [Common 17-1381] The checkpoint 'D:/code-file/FPGA/HLS/hls_helloworld/HLS_HelloWorld/HLS_HelloWorld.runs/impl_1/HLS_HelloWorld_opt.dcp' has been generated.
INFO: [runtcl-4] Executing : report_drc -file HLS_HelloWorld_drc_opted.rpt -pb HLS_HelloWorld_drc_opted.pb -rpx HLS_HelloWorld_drc_opted.rpx
Command: report_drc -file HLS_HelloWorld_drc_opted.rpt -pb HLS_HelloWorld_drc_opted.pb -rpx HLS_HelloWorld_drc_opted.rpx
INFO: [IP_Flow 19-1839] IP Catalog is up to date.
INFO: [DRC 23-27] Running DRC with 2 threads
INFO: [Coretcl 2-168] The results of DRC are in file D:/code-file/FPGA/HLS/hls_helloworld/HLS_HelloWorld/HLS_HelloWorld.runs/impl_1/HLS_HelloWorld_drc_opted.rpt.
report_drc completed successfully
INFO: [Chipscope 16-240] Debug cores have already been implemented
Command: place_design
Attempting to get a license for feature 'Implementation' and/or device 'xc7z020'
INFO: [Common 17-349] Got license for feature 'Implementation' and/or device 'xc7z020'
INFO: [DRC 23-27] Running DRC with 2 threads
INFO: [Vivado_Tcl 4-198] DRC finished with 0 Errors
INFO: [Vivado_Tcl 4-199] Please refer to the DRC report (report_drc) for more information.
Running DRC as a precondition to command place_design
INFO: [DRC 23-27] Running DRC with 2 threads
INFO: [Vivado_Tcl 4-198] DRC finished with 0 Errors
INFO: [Vivado_Tcl 4-199] Please refer to the DRC report (report_drc) for more information.

Starting Placer Task
INFO: [Place 30-611] Multithreading enabled for place_design using a maximum of 2 CPUs

Phase 1 Placer Initialization

Phase 1.1 Placer Initialization Netlist Sorting
Netlist sorting complete. Time (s): cpu = 00:00:00 ; elapsed = 00:00:00.002 . Memory (MB): peak = 1601.348 ; gain = 0.000
Phase 1.1 Placer Initialization Netlist Sorting | Checksum: 105d9b7be

Time (s): cpu = 00:00:00 ; elapsed = 00:00:00.017 . Memory (MB): peak = 1601.348 ; gain = 0.000
Netlist sorting complete. Time (s): cpu = 00:00:00 ; elapsed = 00:00:00.001 . Memory (MB): peak = 1601.348 ; gain = 0.000

Phase 1.2 IO Placement/ Clock Placement/ Build Placer Device
INFO: [Timing 38-35] Done setting XDC timing constraints.
Phase 1.2 IO Placement/ Clock Placement/ Build Placer Device | Checksum: 101685f99

Time (s): cpu = 00:00:01 ; elapsed = 00:00:00.997 . Memory (MB): peak = 1601.348 ; gain = 0.000

Phase 1.3 Build Placer Netlist Model
Phase 1.3 Build Placer Netlist Model | Checksum: 1ba66b95e

Time (s): cpu = 00:00:01 ; elapsed = 00:00:02 . Memory (MB): peak = 1601.348 ; gain = 0.000

Phase 1.4 Constrain Clocks/Macros
Phase 1.4 Constrain Clocks/Macros | Checksum: 1ba66b95e

Time (s): cpu = 00:00:01 ; elapsed = 00:00:02 . Memory (MB): peak = 1601.348 ; gain = 0.000
Phase 1 Placer Initialization | Checksum: 1ba66b95e

Time (s): cpu = 00:00:01 ; elapsed = 00:00:02 . Memory (MB): peak = 1601.348 ; gain = 0.000

Phase 2 Global Placement

Phase 2.1 Floorplanning
Phase 2.1 Floorplanning | Checksum: 1a2212a61

Time (s): cpu = 00:00:01 ; elapsed = 00:00:02 . Memory (MB): peak = 1601.348 ; gain = 0.000

Phase 2.2 Physical Synthesis In Placer
INFO: [Physopt 32-65] No nets found for high-fanout optimization.
INFO: [Physopt 32-232] Optimized 0 net. Created 0 new instance.
INFO: [Physopt 32-775] End 1 Pass. Optimized 0 net or cell. Created 0 new cell, deleted 0 existing cell and moved 0 existing cell
INFO: [Physopt 32-670] No setup violation found.  DSP Register Optimization was not performed.
INFO: [Physopt 32-670] No setup violation found.  Shift Register Optimization was not performed.
INFO: [Physopt 32-670] No setup violation found.  BRAM Register Optimization was not performed.
INFO: [Physopt 32-949] No candidate nets found for HD net replication
INFO: [Physopt 32-775] End 1 Pass. Optimized 0 net or cell. Created 0 new cell, deleted 0 existing cell and moved 0 existing cell
Netlist sorting complete. Time (s): cpu = 00:00:00 ; elapsed = 00:00:00.002 . Memory (MB): peak = 1601.348 ; gain = 0.000

Summary of Physical Synthesis Optimizations
============================================


----------------------------------------------------------------------------------------------------------------------------------------
|  Optimization                  |  Added Cells  |  Removed Cells  |  Optimized Cells/Nets  |  Dont Touch  |  Iterations  |  Elapsed   |
----------------------------------------------------------------------------------------------------------------------------------------
|  Very High Fanout              |            0  |              0  |                     0  |           0  |           1  |  00:00:00  |
|  DSP Register                  |            0  |              0  |                     0  |           0  |           0  |  00:00:00  |
|  Shift Register                |            0  |              0  |                     0  |           0  |           0  |  00:00:00  |
|  BRAM Register                 |            0  |              0  |                     0  |           0  |           0  |  00:00:00  |
|  HD Interface Net Replication  |            0  |              0  |                     0  |           0  |           1  |  00:00:00  |
|  Total                         |            0  |              0  |                     0  |           0  |           2  |  00:00:00  |
----------------------------------------------------------------------------------------------------------------------------------------


Phase 2.2 Physical Synthesis In Placer | Checksum: 1eb6d2a64

Time (s): cpu = 00:00:03 ; elapsed = 00:00:04 . Memory (MB): peak = 1601.348 ; gain = 0.000
Phase 2 Global Placement | Checksum: 178a0d913

Time (s): cpu = 00:00:03 ; elapsed = 00:00:04 . Memory (MB): peak = 1601.348 ; gain = 0.000

Phase 3 Detail Placement

Phase 3.1 Commit Multi Column Macros
Phase 3.1 Commit Multi Column Macros | Checksum: 178a0d913

Time (s): cpu = 00:00:03 ; elapsed = 00:00:04 . Memory (MB): peak = 1601.348 ; gain = 0.000

Phase 3.2 Commit Most Macros & LUTRAMs
Phase 3.2 Commit Most Macros & LUTRAMs | Checksum: 22855d93d

Time (s): cpu = 00:00:03 ; elapsed = 00:00:05 . Memory (MB): peak = 1601.348 ; gain = 0.000

Phase 3.3 Area Swap Optimization
Phase 3.3 Area Swap Optimization | Checksum: 1c3e57ca5

Time (s): cpu = 00:00:03 ; elapsed = 00:00:05 . Memory (MB): peak = 1601.348 ; gain = 0.000

Phase 3.4 Pipeline Register Optimization
Phase 3.4 Pipeline Register Optimization | Checksum: 1d43ea373

Time (s): cpu = 00:00:03 ; elapsed = 00:00:05 . Memory (MB): peak = 1601.348 ; gain = 0.000

Phase 3.5 Small Shape Detail Placement
Phase 3.5 Small Shape Detail Placement | Checksum: 12fb2f0b4

Time (s): cpu = 00:00:04 ; elapsed = 00:00:06 . Memory (MB): peak = 1601.348 ; gain = 0.000

Phase 3.6 Re-assign LUT pins
Phase 3.6 Re-assign LUT pins | Checksum: 11282f6a6

Time (s): cpu = 00:00:04 ; elapsed = 00:00:06 . Memory (MB): peak = 1601.348 ; gain = 0.000

Phase 3.7 Pipeline Register Optimization
Phase 3.7 Pipeline Register Optimization | Checksum: 10a24c0ba

Time (s): cpu = 00:00:04 ; elapsed = 00:00:06 . Memory (MB): peak = 1601.348 ; gain = 0.000
Phase 3 Detail Placement | Checksum: 10a24c0ba

Time (s): cpu = 00:00:04 ; elapsed = 00:00:06 . Memory (MB): peak = 1601.348 ; gain = 0.000

Phase 4 Post Placement Optimization and Clean-Up

Phase 4.1 Post Commit Optimization
INFO: [Timing 38-35] Done setting XDC timing constraints.

Phase 4.1.1 Post Placement Optimization
Post Placement Optimization Initialization | Checksum: 127dbc0e0

Phase 4.1.1.1 BUFG Insertion
INFO: [Place 46-46] BUFG insertion identified 0 candidate nets, 0 success, 0 bufg driver replicated, 0 skipped for placement/routing, 0 skipped for timing, 0 skipped for netlist change reason
Phase 4.1.1.1 BUFG Insertion | Checksum: 127dbc0e0

Time (s): cpu = 00:00:04 ; elapsed = 00:00:06 . Memory (MB): peak = 1601.348 ; gain = 0.000
INFO: [Place 30-746] Post Placement Timing Summary WNS=14.899. For the most accurate timing information please run report_timing.
Phase 4.1.1 Post Placement Optimization | Checksum: b08584db

Time (s): cpu = 00:00:04 ; elapsed = 00:00:06 . Memory (MB): peak = 1601.348 ; gain = 0.000
Phase 4.1 Post Commit Optimization | Checksum: b08584db

Time (s): cpu = 00:00:04 ; elapsed = 00:00:06 . Memory (MB): peak = 1601.348 ; gain = 0.000

Phase 4.2 Post Placement Cleanup
Phase 4.2 Post Placement Cleanup | Checksum: b08584db

Time (s): cpu = 00:00:04 ; elapsed = 00:00:06 . Memory (MB): peak = 1601.348 ; gain = 0.000

Phase 4.3 Placer Reporting
Phase 4.3 Placer Reporting | Checksum: b08584db

Time (s): cpu = 00:00:04 ; elapsed = 00:00:06 . Memory (MB): peak = 1601.348 ; gain = 0.000

Phase 4.4 Final Placement Cleanup
Netlist sorting complete. Time (s): cpu = 00:00:00 ; elapsed = 00:00:00.002 . Memory (MB): peak = 1601.348 ; gain = 0.000
Phase 4.4 Final Placement Cleanup | Checksum: 15fd1394c

Time (s): cpu = 00:00:04 ; elapsed = 00:00:06 . Memory (MB): peak = 1601.348 ; gain = 0.000
Phase 4 Post Placement Optimization and Clean-Up | Checksum: 15fd1394c

Time (s): cpu = 00:00:04 ; elapsed = 00:00:06 . Memory (MB): peak = 1601.348 ; gain = 0.000
Ending Placer Task | Checksum: 12bd33c4d

Time (s): cpu = 00:00:04 ; elapsed = 00:00:06 . Memory (MB): peak = 1601.348 ; gain = 0.000
INFO: [Common 17-83] Releasing license: Implementation
72 Infos, 0 Warnings, 0 Critical Warnings and 0 Errors encountered.
place_design completed successfully
place_design: Time (s): cpu = 00:00:05 ; elapsed = 00:00:07 . Memory (MB): peak = 1601.348 ; gain = 0.000
Netlist sorting complete. Time (s): cpu = 00:00:00 ; elapsed = 00:00:00.002 . Memory (MB): peak = 1601.348 ; gain = 0.000
INFO: [Timing 38-480] Writing timing data to binary archive.
Writing placer database...
Netlist sorting complete. Time (s): cpu = 00:00:00 ; elapsed = 00:00:00.003 . Memory (MB): peak = 1601.348 ; gain = 0.000
Writing XDEF routing.
Writing XDEF routing logical nets.
Writing XDEF routing special nets.
Write XDEF Complete: Time (s): cpu = 00:00:01 ; elapsed = 00:00:00.342 . Memory (MB): peak = 1601.348 ; gain = 0.000
INFO: [Common 17-1381] The checkpoint 'D:/code-file/FPGA/HLS/hls_helloworld/HLS_HelloWorld/HLS_HelloWorld.runs/impl_1/HLS_HelloWorld_placed.dcp' has been generated.
INFO: [runtcl-4] Executing : report_io -file HLS_HelloWorld_io_placed.rpt
report_io: Time (s): cpu = 00:00:00 ; elapsed = 00:00:00.048 . Memory (MB): peak = 1601.348 ; gain = 0.000
INFO: [runtcl-4] Executing : report_utilization -file HLS_HelloWorld_utilization_placed.rpt -pb HLS_HelloWorld_utilization_placed.pb
INFO: [runtcl-4] Executing : report_control_sets -verbose -file HLS_HelloWorld_control_sets_placed.rpt
report_control_sets: Time (s): cpu = 00:00:00 ; elapsed = 00:00:00.018 . Memory (MB): peak = 1601.348 ; gain = 0.000
Command: route_design
Attempting to get a license for feature 'Implementation' and/or device 'xc7z020'
INFO: [Common 17-349] Got license for feature 'Implementation' and/or device 'xc7z020'
Running DRC as a precondition to command route_design
INFO: [DRC 23-27] Running DRC with 2 threads
INFO: [Vivado_Tcl 4-198] DRC finished with 0 Errors
INFO: [Vivado_Tcl 4-199] Please refer to the DRC report (report_drc) for more information.


Starting Routing Task
INFO: [Route 35-254] Multithreading enabled for route_design using a maximum of 2 CPUs
Checksum: PlaceDB: 2d843300 ConstDB: 0 ShapeSum: fe4f094d RouteDB: 0

Phase 1 Build RT Design
Phase 1 Build RT Design | Checksum: 182bc2033

Time (s): cpu = 00:00:33 ; elapsed = 00:00:30 . Memory (MB): peak = 1623.496 ; gain = 22.148
Post Restoration Checksum: NetGraph: eee32cfc NumContArr: 93d8f337 Constraints: 0 Timing: 0

Phase 2 Router Initialization

Phase 2.1 Create Timer
Phase 2.1 Create Timer | Checksum: 182bc2033

Time (s): cpu = 00:00:33 ; elapsed = 00:00:30 . Memory (MB): peak = 1655.340 ; gain = 53.992

Phase 2.2 Fix Topology Constraints
Phase 2.2 Fix Topology Constraints | Checksum: 182bc2033

Time (s): cpu = 00:00:33 ; elapsed = 00:00:30 . Memory (MB): peak = 1661.996 ; gain = 60.648

Phase 2.3 Pre Route Cleanup
Phase 2.3 Pre Route Cleanup | Checksum: 182bc2033

Time (s): cpu = 00:00:33 ; elapsed = 00:00:30 . Memory (MB): peak = 1661.996 ; gain = 60.648
 Number of Nodes with overlaps = 0

Phase 2.4 Update Timing
Phase 2.4 Update Timing | Checksum: 94493000

Time (s): cpu = 00:00:33 ; elapsed = 00:00:31 . Memory (MB): peak = 1676.746 ; gain = 75.398
INFO: [Route 35-416] Intermediate Timing Summary | WNS=14.951 | TNS=0.000  | WHS=-0.222 | THS=-114.874|


Phase 2.5 Update Timing for Bus Skew

Phase 2.5.1 Update Timing
Phase 2.5.1 Update Timing | Checksum: 16c7b7aeb

Time (s): cpu = 00:00:33 ; elapsed = 00:00:31 . Memory (MB): peak = 1676.746 ; gain = 75.398
INFO: [Route 35-416] Intermediate Timing Summary | WNS=14.951 | TNS=0.000  | WHS=N/A    | THS=N/A    |

Phase 2.5 Update Timing for Bus Skew | Checksum: 17e5398bb

Time (s): cpu = 00:00:33 ; elapsed = 00:00:31 . Memory (MB): peak = 1689.441 ; gain = 88.094
Phase 2 Router Initialization | Checksum: 12c9478cc

Time (s): cpu = 00:00:33 ; elapsed = 00:00:31 . Memory (MB): peak = 1689.441 ; gain = 88.094

Phase 3 Initial Routing
Phase 3 Initial Routing | Checksum: 119c03d12

Time (s): cpu = 00:00:33 ; elapsed = 00:00:32 . Memory (MB): peak = 1689.441 ; gain = 88.094

Phase 4 Rip-up And Reroute

Phase 4.1 Global Iteration 0
 Number of Nodes with overlaps = 196
 Number of Nodes with overlaps = 0
INFO: [Route 35-416] Intermediate Timing Summary | WNS=13.438 | TNS=0.000  | WHS=N/A    | THS=N/A    |

Phase 4.1 Global Iteration 0 | Checksum: 12358efa6

Time (s): cpu = 00:00:34 ; elapsed = 00:00:32 . Memory (MB): peak = 1689.441 ; gain = 88.094
Phase 4 Rip-up And Reroute | Checksum: 12358efa6

Time (s): cpu = 00:00:34 ; elapsed = 00:00:32 . Memory (MB): peak = 1689.441 ; gain = 88.094

Phase 5 Delay and Skew Optimization

Phase 5.1 Delay CleanUp
Phase 5.1 Delay CleanUp | Checksum: 12358efa6

Time (s): cpu = 00:00:34 ; elapsed = 00:00:32 . Memory (MB): peak = 1689.441 ; gain = 88.094

Phase 5.2 Clock Skew Optimization
Phase 5.2 Clock Skew Optimization | Checksum: 12358efa6

Time (s): cpu = 00:00:34 ; elapsed = 00:00:32 . Memory (MB): peak = 1689.441 ; gain = 88.094
Phase 5 Delay and Skew Optimization | Checksum: 12358efa6

Time (s): cpu = 00:00:34 ; elapsed = 00:00:32 . Memory (MB): peak = 1689.441 ; gain = 88.094

Phase 6 Post Hold Fix

Phase 6.1 Hold Fix Iter

Phase 6.1.1 Update Timing
Phase 6.1.1 Update Timing | Checksum: 1db0b73b0

Time (s): cpu = 00:00:34 ; elapsed = 00:00:32 . Memory (MB): peak = 1689.441 ; gain = 88.094
INFO: [Route 35-416] Intermediate Timing Summary | WNS=13.535 | TNS=0.000  | WHS=0.059  | THS=0.000  |

Phase 6.1 Hold Fix Iter | Checksum: 190d254fd

Time (s): cpu = 00:00:34 ; elapsed = 00:00:32 . Memory (MB): peak = 1689.441 ; gain = 88.094
Phase 6 Post Hold Fix | Checksum: 190d254fd

Time (s): cpu = 00:00:34 ; elapsed = 00:00:32 . Memory (MB): peak = 1689.441 ; gain = 88.094

Phase 7 Route finalize

Router Utilization Summary
  Global Vertical Routing Utilization    = 0.26385 %
  Global Horizontal Routing Utilization  = 0.368239 %
  Routable Net Status*
  *Does not include unroutable nets such as driverless and loadless.
  Run report_route_status for detailed report.
  Number of Failed Nets               = 0
  Number of Unrouted Nets             = 0
  Number of Partially Routed Nets     = 0
  Number of Node Overlaps             = 0

Phase 7 Route finalize | Checksum: 1555b2c0f

Time (s): cpu = 00:00:34 ; elapsed = 00:00:32 . Memory (MB): peak = 1689.441 ; gain = 88.094

Phase 8 Verifying routed nets

 Verification completed successfully
Phase 8 Verifying routed nets | Checksum: 1555b2c0f

Time (s): cpu = 00:00:34 ; elapsed = 00:00:32 . Memory (MB): peak = 1689.441 ; gain = 88.094

Phase 9 Depositing Routes
Phase 9 Depositing Routes | Checksum: dd6ba789

Time (s): cpu = 00:00:34 ; elapsed = 00:00:33 . Memory (MB): peak = 1689.441 ; gain = 88.094

Phase 10 Post Router Timing
INFO: [Route 35-57] Estimated Timing Summary | WNS=13.535 | TNS=0.000  | WHS=0.059  | THS=0.000  |

INFO: [Route 35-327] The final timing numbers are based on the router estimated timing analysis. For a complete and accurate timing signoff, please run report_timing_summary.
Phase 10 Post Router Timing | Checksum: dd6ba789

Time (s): cpu = 00:00:34 ; elapsed = 00:00:33 . Memory (MB): peak = 1689.441 ; gain = 88.094
INFO: [Route 35-16] Router Completed Successfully

Time (s): cpu = 00:00:34 ; elapsed = 00:00:33 . Memory (MB): peak = 1689.441 ; gain = 88.094

Routing Is Done.
INFO: [Common 17-83] Releasing license: Implementation
90 Infos, 0 Warnings, 0 Critical Warnings and 0 Errors encountered.
route_design completed successfully
route_design: Time (s): cpu = 00:00:35 ; elapsed = 00:00:34 . Memory (MB): peak = 1689.441 ; gain = 88.094
Netlist sorting complete. Time (s): cpu = 00:00:00 ; elapsed = 00:00:00.002 . Memory (MB): peak = 1689.441 ; gain = 0.000
INFO: [Timing 38-480] Writing timing data to binary archive.
Writing placer database...
Netlist sorting complete. Time (s): cpu = 00:00:00 ; elapsed = 00:00:00.003 . Memory (MB): peak = 1689.441 ; gain = 0.000
Writing XDEF routing.
Writing XDEF routing logical nets.
Writing XDEF routing special nets.
Write XDEF Complete: Time (s): cpu = 00:00:01 ; elapsed = 00:00:00.393 . Memory (MB): peak = 1689.441 ; gain = 0.000
INFO: [Common 17-1381] The checkpoint 'D:/code-file/FPGA/HLS/hls_helloworld/HLS_HelloWorld/HLS_HelloWorld.runs/impl_1/HLS_HelloWorld_routed.dcp' has been generated.
INFO: [runtcl-4] Executing : report_drc -file HLS_HelloWorld_drc_routed.rpt -pb HLS_HelloWorld_drc_routed.pb -rpx HLS_HelloWorld_drc_routed.rpx
Command: report_drc -file HLS_HelloWorld_drc_routed.rpt -pb HLS_HelloWorld_drc_routed.pb -rpx HLS_HelloWorld_drc_routed.rpx
INFO: [IP_Flow 19-1839] IP Catalog is up to date.
INFO: [DRC 23-27] Running DRC with 2 threads
INFO: [Coretcl 2-168] The results of DRC are in file D:/code-file/FPGA/HLS/hls_helloworld/HLS_HelloWorld/HLS_HelloWorld.runs/impl_1/HLS_HelloWorld_drc_routed.rpt.
report_drc completed successfully
INFO: [runtcl-4] Executing : report_methodology -file HLS_HelloWorld_methodology_drc_routed.rpt -pb HLS_HelloWorld_methodology_drc_routed.pb -rpx HLS_HelloWorld_methodology_drc_routed.rpx
Command: report_methodology -file HLS_HelloWorld_methodology_drc_routed.rpt -pb HLS_HelloWorld_methodology_drc_routed.pb -rpx HLS_HelloWorld_methodology_drc_routed.rpx
INFO: [Timing 38-35] Done setting XDC timing constraints.
INFO: [DRC 23-133] Running Methodology with 2 threads
INFO: [Coretcl 2-1520] The results of Report Methodology are in file D:/code-file/FPGA/HLS/hls_helloworld/HLS_HelloWorld/HLS_HelloWorld.runs/impl_1/HLS_HelloWorld_methodology_drc_routed.rpt.
report_methodology completed successfully
INFO: [runtcl-4] Executing : report_power -file HLS_HelloWorld_power_routed.rpt -pb HLS_HelloWorld_power_summary_routed.pb -rpx HLS_HelloWorld_power_routed.rpx
Command: report_power -file HLS_HelloWorld_power_routed.rpt -pb HLS_HelloWorld_power_summary_routed.pb -rpx HLS_HelloWorld_power_routed.rpx
INFO: [Timing 38-35] Done setting XDC timing constraints.
Running Vector-less Activity Propagation...

Finished Running Vector-less Activity Propagation
102 Infos, 0 Warnings, 0 Critical Warnings and 0 Errors encountered.
report_power completed successfully
INFO: [runtcl-4] Executing : report_route_status -file HLS_HelloWorld_route_status.rpt -pb HLS_HelloWorld_route_status.pb
INFO: [runtcl-4] Executing : report_timing_summary -max_paths 10 -file HLS_HelloWorld_timing_summary_routed.rpt -pb HLS_HelloWorld_timing_summary_routed.pb -rpx HLS_HelloWorld_timing_summary_routed.rpx -warn_on_violation 
INFO: [Timing 38-91] UpdateTimingParams: Speed grade: -2, Delay Type: min_max.
INFO: [Timing 38-191] Multithreading enabled for timing update using a maximum of 2 CPUs
WARNING: [Timing 38-436] There are set_bus_skew constraint(s) in this design. Please run report_bus_skew to ensure that bus skew requirements are met.
INFO: [runtcl-4] Executing : report_incremental_reuse -file HLS_HelloWorld_incremental_reuse_routed.rpt
INFO: [Vivado_Tcl 4-1062] Incremental flow is disabled. No incremental reuse Info to report.
INFO: [runtcl-4] Executing : report_clock_utilization -file HLS_HelloWorld_clock_utilization_routed.rpt
INFO: [runtcl-4] Executing : report_bus_skew -warn_on_violation -file HLS_HelloWorld_bus_skew_routed.rpt -pb HLS_HelloWorld_bus_skew_routed.pb -rpx HLS_HelloWorld_bus_skew_routed.rpx
INFO: [Timing 38-91] UpdateTimingParams: Speed grade: -2, Delay Type: min_max.
INFO: [Timing 38-191] Multithreading enabled for timing update using a maximum of 2 CPUs
Command: write_bitstream -force HLS_HelloWorld.bit
Attempting to get a license for feature 'Implementation' and/or device 'xc7z020'
INFO: [Common 17-349] Got license for feature 'Implementation' and/or device 'xc7z020'
Running DRC as a precondition to command write_bitstream
INFO: [IP_Flow 19-1839] IP Catalog is up to date.
INFO: [DRC 23-27] Running DRC with 2 threads
WARNING: [DRC RTSTAT-10] No routable loads: 25 net(s) have no routable loads. The problem bus(es) and/or net(s) are dbg_hub/inst/BSCANID.u_xsdbm_id/CORE_XSDB.UUT_MASTER/U_ICON_INTERFACE/U_CMD6_RD/U_RD_FIFO/SUBCORE_FIFO.xsdbm_v3_0_0_rdfifo_inst/inst_fifo_gen/gconvfifo.rf/grf.rf/gntv_or_sync_fifo.gl0.rd/gr1.gr1_int.rfwft/aempty_fwft_i, dbg_hub/inst/BSCANID.u_xsdbm_id/CORE_XSDB.UUT_MASTER/U_ICON_INTERFACE/U_CMD7_CTL/ctl_reg[2:0], dbg_hub/inst/BSCANID.u_xsdbm_id/CORE_XSDB.UUT_MASTER/U_ICON_INTERFACE/U_CMD7_CTL/ctl_reg_en_2[1], dbg_hub/inst/BSCANID.u_xsdbm_id/CORE_XSDB.UUT_MASTER/U_ICON_INTERFACE/U_CMD1/ctl_reg_en_2[1], dbg_hub/inst/BSCANID.u_xsdbm_id/SWITCH_N_EXT_BSCAN.bscan_switch/m_bscan_capture[0], dbg_hub/inst/BSCANID.u_xsdbm_id/SWITCH_N_EXT_BSCAN.bscan_switch/m_bscan_drck[0], dbg_hub/inst/BSCANID.u_xsdbm_id/SWITCH_N_EXT_BSCAN.bscan_switch/m_bscan_runtest[0], dbg_hub/inst/BSCANID.u_xsdbm_id/CORE_XSDB.UUT_MASTER/U_ICON_INTERFACE/U_CMD6_WR/U_WR_FIFO/SUBCORE_FIFO.xsdbm_v3_0_0_wrfifo_inst/inst_fifo_gen/gconvfifo.rf/grf.rf/gntv_or_sync_fifo.gl0.wr/gwhf.whf/overflow, dbg_hub/inst/BSCANID.u_xsdbm_id/CORE_XSDB.UUT_MASTER/U_ICON_INTERFACE/U_CMD6_RD/U_RD_FIFO/SUBCORE_FIFO.xsdbm_v3_0_0_rdfifo_inst/inst_fifo_gen/gconvfifo.rf/grf.rf/gntv_or_sync_fifo.gl0.wr/gwhf.whf/overflow, dbg_hub/inst/BSCANID.u_xsdbm_id/CORE_XSDB.UUT_MASTER/U_ICON_INTERFACE/U_CMD6_RD/U_RD_FIFO/SUBCORE_FIFO.xsdbm_v3_0_0_rdfifo_inst/inst_fifo_gen/gconvfifo.rf/grf.rf/gntv_or_sync_fifo.gl0.rd/gras.rsts/ram_empty_i, dbg_hub/inst/BSCANID.u_xsdbm_id/CORE_XSDB.UUT_MASTER/U_ICON_INTERFACE/U_CMD6_WR/U_WR_FIFO/SUBCORE_FIFO.xsdbm_v3_0_0_wrfifo_inst/inst_fifo_gen/gconvfifo.rf/grf.rf/gntv_or_sync_fifo.gl0.wr/gwas.wsts/ram_full_i, dbg_hub/inst/BSCANID.u_xsdbm_id/CORE_XSDB.UUT_MASTER/U_ICON_INTERFACE/U_CMD6_WR/U_WR_FIFO/SUBCORE_FIFO.xsdbm_v3_0_0_wrfifo_inst/inst_fifo_gen/gconvfifo.rf/grf.rf/rstblk/rd_rst_reg[0], dbg_hub/inst/BSCANID.u_xsdbm_id/SWITCH_N_EXT_BSCAN.bscan_inst/s_bscan_tms, inst_ila/inst/ila_core_inst/u_ila_regs/U_XSDB_SLAVE/s_daddr_o[13], inst_ila/inst/ila_core_inst/u_ila_regs/U_XSDB_SLAVE/s_daddr_o[14]... and (the first 15 of 23 listed).
WARNING: [DRC ZPS7-1] PS7 block required: The PS7 cell must be used in this Zynq design in order to enable correct default configuration.
INFO: [Vivado 12-3199] DRC finished with 0 Errors, 2 Warnings
INFO: [Vivado 12-3200] Please refer to the DRC report (report_drc) for more information.
INFO: [Designutils 20-2272] Running write_bitstream with 2 threads.
Loading data files...
Loading site data...
Loading route data...
Processing options...
Creating bitmap...
Creating bitstream...
Writing bitstream ./HLS_HelloWorld.bit...
INFO: [Vivado 12-1842] Bitgen Completed Successfully.
INFO: [Project 1-120] WebTalk data collection is mandatory when using a WebPACK part without a full Vivado license. To see the specific WebTalk data collected for your design, open the usage_statistics_webtalk.html or usage_statistics_webtalk.xml file in the implementation directory.
INFO: [Common 17-83] Releasing license: Implementation
121 Infos, 3 Warnings, 0 Critical Warnings and 0 Errors encountered.
write_bitstream completed successfully
write_bitstream: Time (s): cpu = 00:00:17 ; elapsed = 00:00:17 . Memory (MB): peak = 2144.387 ; gain = 427.609
INFO: [Common 17-206] Exiting Vivado at Sat May 13 15:04:18 2023...
