

================================================================
== Vivado HLS Report for 'flash_led'
================================================================
* Date:           Sat May 13 12:59:48 2023

* Version:        2018.3 (Build 2405991 on Thu Dec 06 23:56:15 MST 2018)
* Project:        HLS
* Solution:       solution1
* Product family: zynq
* Target device:  xc7z020clg400-2


================================================================
== Performance Estimates
================================================================
+ Timing (ns): 
    * Summary: 
    +--------+-------+----------+------------+
    |  Clock | Target| Estimated| Uncertainty|
    +--------+-------+----------+------------+
    |ap_clk  |  10.00|     1.968|        1.25|
    +--------+-------+----------+------------+

+ Latency (clock cycles): 
    * Summary: 
    +-----------+-----------+-----------+-----------+---------+
    |        Latency        |        Interval       | Pipeline|
    |    min    |    max    |    min    |    max    |   Type  |
    +-----------+-----------+-----------+-----------+---------+
    |  100000001|  100000001|  100000001|  100000001|   none  |
    +-----------+-----------+-----------+-----------+---------+

    + Detail: 
        * Instance: 
        N/A

        * Loop: 
        +----------+-----------+-----------+----------+-----------+-----------+-----------+----------+
        |          |        Latency        | Iteration|  Initiation Interval  |    Trip   |          |
        | Loop Name|    min    |    max    |  Latency |  achieved |   target  |   Count   | Pipelined|
        +----------+-----------+-----------+----------+-----------+-----------+-----------+----------+
        |- Loop 1  |  100000000|  100000000|         1|          -|          -|  100000000|    no    |
        +----------+-----------+-----------+----------+-----------+-----------+-----------+----------+



================================================================
== Utilization Estimates
================================================================
* Summary: 
+-----------------+---------+-------+--------+-------+
|       Name      | BRAM_18K| DSP48E|   FF   |  LUT  |
+-----------------+---------+-------+--------+-------+
|DSP              |        -|      -|       -|      -|
|Expression       |        -|      -|       0|     52|
|FIFO             |        -|      -|       -|      -|
|Instance         |        -|      -|       -|      -|
|Memory           |        -|      -|       -|      -|
|Multiplexer      |        -|      -|       -|     18|
|Register         |        -|      -|      32|      -|
+-----------------+---------+-------+--------+-------+
|Total            |        0|      0|      32|     70|
+-----------------+---------+-------+--------+-------+
|Available        |      280|    220|  106400|  53200|
+-----------------+---------+-------+--------+-------+
|Utilization (%)  |        0|      0|   ~0   |   ~0  |
+-----------------+---------+-------+--------+-------+

+ Detail: 
    * Instance: 
    N/A

    * DSP48: 
    N/A

    * Memory: 
    N/A

    * FIFO: 
    N/A

    * Expression: 
    +-------------------+----------+-------+---+----+------------+------------+
    |   Variable Name   | Operation| DSP48E| FF| LUT| Bitwidth P0| Bitwidth P1|
    +-------------------+----------+-------+---+----+------------+------------+
    |i_V_fu_74_p2       |     +    |      0|  0|  27|          27|           1|
    |exitcond_fu_68_p2  |   icmp   |      0|  0|  11|          27|          27|
    |tmp_fu_80_p2       |   icmp   |      0|  0|  11|          27|          27|
    |ap_block_state1    |    or    |      0|  0|   1|           1|           1|
    |r_V_fu_62_p2       |    xor   |      0|  0|   2|           1|           2|
    +-------------------+----------+-------+---+----+------------+------------+
    |Total              |          |      0|  0|  52|          83|          58|
    +-------------------+----------+-------+---+----+------------+------------+

    * Multiplexer: 
    +-----------------------+----+-----------+-----+-----------+
    |          Name         | LUT| Input Size| Bits| Total Bits|
    +-----------------------+----+-----------+-----+-----------+
    |ap_NS_fsm              |   3|          3|    1|          3|
    |led_i_V_ap_vld_in_sig  |   3|          2|    1|          2|
    |led_i_V_ap_vld_preg    |   3|          2|    1|          2|
    |led_i_V_blk_n          |   3|          2|    1|          2|
    |led_i_V_in_sig         |   3|          2|    1|          2|
    |t_V_reg_51             |   3|          2|   27|         54|
    +-----------------------+----+-----------+-----+-----------+
    |Total                  |  18|         13|   32|         65|
    +-----------------------+----+-----------+-----+-----------+

    * Register: 
    +---------------------+----+----+-----+-----------+
    |         Name        | FF | LUT| Bits| Const Bits|
    +---------------------+----+----+-----+-----------+
    |ap_CS_fsm            |   2|   0|    2|          0|
    |led_i_V_ap_vld_preg  |   1|   0|    1|          0|
    |led_i_V_preg         |   1|   0|    1|          0|
    |r_V_reg_86           |   1|   0|    1|          0|
    |t_V_reg_51           |  27|   0|   27|          0|
    +---------------------+----+----+-----+-----------+
    |Total                |  32|   0|   32|          0|
    +---------------------+----+----+-----+-----------+



================================================================
== Interface
================================================================
* Summary: 
+----------------+-----+-----+------------+--------------+--------------+
|    RTL Ports   | Dir | Bits|  Protocol  | Source Object|    C Type    |
+----------------+-----+-----+------------+--------------+--------------+
|ap_clk          |  in |    1| ap_ctrl_hs |   flash_led  | return value |
|ap_rst          |  in |    1| ap_ctrl_hs |   flash_led  | return value |
|ap_start        |  in |    1| ap_ctrl_hs |   flash_led  | return value |
|ap_done         | out |    1| ap_ctrl_hs |   flash_led  | return value |
|ap_idle         | out |    1| ap_ctrl_hs |   flash_led  | return value |
|ap_ready        | out |    1| ap_ctrl_hs |   flash_led  | return value |
|led_o_V         | out |    1|   ap_ovld  |    led_o_V   |    pointer   |
|led_o_V_ap_vld  | out |    1|   ap_ovld  |    led_o_V   |    pointer   |
|led_i_V         |  in |    1|   ap_vld   |    led_i_V   |    scalar    |
|led_i_V_ap_vld  |  in |    1|   ap_vld   |    led_i_V   |    scalar    |
+----------------+-----+-----+------------+--------------+--------------+

