Flow report for Data_flip_flop
Sun Nov 13 20:02:50 2022
Quartus Prime Version 18.1.0 Build 625 09/12/2018 SJ Standard Edition


---------------------
; Table of Contents ;
---------------------
  1. Legal Notice
  2. Flow Summary
  3. Flow Settings
  4. Flow Non-Default Global Settings
  5. Flow Elapsed Time
  6. Flow OS Summary
  7. Flow Log
  8. Flow Messages
  9. Flow Suppressed Messages



----------------
; Legal Notice ;
----------------
Copyright (C) 2018  Intel Corporation. All rights reserved.
Your use of Intel Corporation's design tools, logic functions 
and other software and tools, and its AMPP partner logic 
functions, and any output files from any of the foregoing 
(including device programming or simulation files), and any 
associated documentation or information are expressly subject 
to the terms and conditions of the Intel Program License 
Subscription Agreement, the Intel Quartus Prime License Agreement,
the Intel FPGA IP License Agreement, or other applicable license
agreement, including, without limitation, that your use is for
the sole purpose of programming logic devices manufactured by
Intel and sold by Intel or its authorized distributors.  Please
refer to the applicable agreement for further details.



+--------------------------------------------------------------------------------------+
; Flow Summary                                                                         ;
+------------------------------------+-------------------------------------------------+
; Flow Status                        ; Successful - Sun Nov 13 20:02:50 2022           ;
; Quartus Prime Version              ; 18.1.0 Build 625 09/12/2018 SJ Standard Edition ;
; Revision Name                      ; Data_flip_flop                                  ;
; Top-level Entity Name              ; Data_flip_flop                                  ;
; Family                             ; Cyclone IV E                                    ;
; Device                             ; EP4CE6F17C8                                     ;
; Timing Models                      ; Final                                           ;
; Total logic elements               ; 2 / 6,272 ( < 1 % )                             ;
;     Total combinational functions  ; 2 / 6,272 ( < 1 % )                             ;
;     Dedicated logic registers      ; 0 / 6,272 ( 0 % )                               ;
; Total registers                    ; 0                                               ;
; Total pins                         ; 4 / 180 ( 2 % )                                 ;
; Total virtual pins                 ; 0                                               ;
; Total memory bits                  ; 0 / 276,480 ( 0 % )                             ;
; Embedded Multiplier 9-bit elements ; 0 / 30 ( 0 % )                                  ;
; Total PLLs                         ; 0 / 2 ( 0 % )                                   ;
+------------------------------------+-------------------------------------------------+


+-----------------------------------------+
; Flow Settings                           ;
+-------------------+---------------------+
; Option            ; Setting             ;
+-------------------+---------------------+
; Start date & time ; 11/13/2022 19:58:27 ;
; Main task         ; Compilation         ;
; Revision Name     ; Data_flip_flop      ;
+-------------------+---------------------+


+-----------------------------------------------------------------------------------------------------------------------------+
; Flow Non-Default Global Settings                                                                                            ;
+-------------------------------------+----------------------------------------+---------------+-------------+----------------+
; Assignment Name                     ; Value                                  ; Default Value ; Entity Name ; Section Id     ;
+-------------------------------------+----------------------------------------+---------------+-------------+----------------+
; COMPILER_SIGNATURE_ID               ; 963354558772.166834070612932           ; --            ; --          ; --             ;
; EDA_OUTPUT_DATA_FORMAT              ; Verilog Hdl                            ; --            ; --          ; eda_simulation ;
; EDA_SIMULATION_TOOL                 ; ModelSim-Altera (Verilog)              ; <None>        ; --          ; --             ;
; EDA_TIME_SCALE                      ; 1 ps                                   ; --            ; --          ; eda_simulation ;
; MAX_CORE_JUNCTION_TEMP              ; 85                                     ; --            ; --          ; --             ;
; MIN_CORE_JUNCTION_TEMP              ; 0                                      ; --            ; --          ; --             ;
; NOMINAL_CORE_SUPPLY_VOLTAGE         ; 1.2V                                   ; --            ; --          ; --             ;
; PARTITION_COLOR                     ; -- (Not supported for targeted family) ; --            ; --          ; Top            ;
; PARTITION_FITTER_PRESERVATION_LEVEL ; -- (Not supported for targeted family) ; --            ; --          ; Top            ;
; PARTITION_NETLIST_TYPE              ; -- (Not supported for targeted family) ; --            ; --          ; Top            ;
; POWER_BOARD_THERMAL_MODEL           ; None (CONSERVATIVE)                    ; --            ; --          ; --             ;
; POWER_PRESET_COOLING_SOLUTION       ; 23 MM HEAT SINK WITH 200 LFPM AIRFLOW  ; --            ; --          ; --             ;
; PROJECT_OUTPUT_DIRECTORY            ; output_files                           ; --            ; --          ; --             ;
+-------------------------------------+----------------------------------------+---------------+-------------+----------------+


+--------------------------------------------------------------------------------------------------------------------------+
; Flow Elapsed Time                                                                                                        ;
+----------------------+--------------+-------------------------+---------------------+------------------------------------+
; Module Name          ; Elapsed Time ; Average Processors Used ; Peak Virtual Memory ; Total CPU Time (on all processors) ;
+----------------------+--------------+-------------------------+---------------------+------------------------------------+
; Analysis & Synthesis ; 00:00:08     ; 1.0                     ; 4773 MB             ; 00:00:06                           ;
; Fitter               ; 00:00:03     ; 1.0                     ; 5807 MB             ; 00:00:02                           ;
; Assembler            ; 00:00:00     ; 1.0                     ; 4671 MB             ; 00:00:01                           ;
; Timing Analyzer      ; 00:00:01     ; 1.0                     ; 4794 MB             ; 00:00:01                           ;
; EDA Netlist Writer   ; 00:00:01     ; 1.0                     ; 4639 MB             ; 00:00:01                           ;
; EDA Netlist Writer   ; 00:00:01     ; 1.0                     ; 4624 MB             ; 00:00:00                           ;
; EDA Netlist Writer   ; 00:00:01     ; 1.0                     ; 4631 MB             ; 00:00:00                           ;
; EDA Netlist Writer   ; 00:00:01     ; 1.0                     ; 4624 MB             ; 00:00:00                           ;
; EDA Netlist Writer   ; 00:00:00     ; 1.0                     ; 4631 MB             ; 00:00:00                           ;
; EDA Netlist Writer   ; 00:00:01     ; 1.0                     ; 4620 MB             ; 00:00:00                           ;
; EDA Netlist Writer   ; 00:00:00     ; 1.0                     ; 4636 MB             ; 00:00:01                           ;
; Total                ; 00:00:17     ; --                      ; --                  ; 00:00:12                           ;
+----------------------+--------------+-------------------------+---------------------+------------------------------------+


+------------------------------------------------------------------------------------+
; Flow OS Summary                                                                    ;
+----------------------+------------------+------------+------------+----------------+
; Module Name          ; Machine Hostname ; OS Name    ; OS Version ; Processor type ;
+----------------------+------------------+------------+------------+----------------+
; Analysis & Synthesis ; ppqppl           ; Windows 10 ; 10.0       ; x86_64         ;
; Fitter               ; ppqppl           ; Windows 10 ; 10.0       ; x86_64         ;
; Assembler            ; ppqppl           ; Windows 10 ; 10.0       ; x86_64         ;
; Timing Analyzer      ; ppqppl           ; Windows 10 ; 10.0       ; x86_64         ;
; EDA Netlist Writer   ; ppqppl           ; Windows 10 ; 10.0       ; x86_64         ;
; EDA Netlist Writer   ; ppqppl           ; Windows 10 ; 10.0       ; x86_64         ;
; EDA Netlist Writer   ; ppqppl           ; Windows 10 ; 10.0       ; x86_64         ;
; EDA Netlist Writer   ; ppqppl           ; Windows 10 ; 10.0       ; x86_64         ;
; EDA Netlist Writer   ; ppqppl           ; Windows 10 ; 10.0       ; x86_64         ;
; EDA Netlist Writer   ; ppqppl           ; Windows 10 ; 10.0       ; x86_64         ;
; EDA Netlist Writer   ; ppqppl           ; Windows 10 ; 10.0       ; x86_64         ;
+----------------------+------------------+------------+------------+----------------+


------------
; Flow Log ;
------------
quartus_map --read_settings_files=on --write_settings_files=off Data_flip_flop -c Data_flip_flop
quartus_fit --read_settings_files=off --write_settings_files=off Data_flip_flop -c Data_flip_flop
quartus_asm --read_settings_files=off --write_settings_files=off Data_flip_flop -c Data_flip_flop
quartus_sta Data_flip_flop -c Data_flip_flop
quartus_eda --read_settings_files=off --write_settings_files=off Data_flip_flop -c Data_flip_flop
quartus_eda --gen_testbench --tool=modelsim_oem --format=verilog --write_settings_files=off Data_flip_flop -c Data_flip_flop --vector_source=D:/code-file/FPGA_TEST/Data_flip_flop/VWF/Data_flip_flop.vwf --testbench_file=D:/code-file/FPGA_TEST/Data_flip_flop/PRJ/simulation/qsim/Waveform.vwf.vt
quartus_eda --write_settings_files=off --simulation=on --functional=on --flatten_buses=off --tool=modelsim_oem --format=verilog --output_directory=D:/code-file/FPGA_TEST/Data_flip_flop/PRJ/simulation/qsim/ Data_flip_flop -c Data_flip_flop
quartus_eda --gen_testbench --tool=modelsim_oem --format=verilog --write_settings_files=off Data_flip_flop -c Data_flip_flop --vector_source=D:/code-file/FPGA_TEST/Data_flip_flop/VWF/Data_flip_flop.vwf --testbench_file=D:/code-file/FPGA_TEST/Data_flip_flop/PRJ/simulation/qsim/Waveform.vwf.vt
quartus_eda --write_settings_files=off --simulation=on --functional=on --flatten_buses=off --tool=modelsim_oem --format=verilog --output_directory=D:/code-file/FPGA_TEST/Data_flip_flop/PRJ/simulation/qsim/ Data_flip_flop -c Data_flip_flop
quartus_eda --gen_testbench --tool=modelsim_oem --format=verilog --write_settings_files=off Data_flip_flop -c Data_flip_flop --vector_source=D:/code-file/FPGA_TEST/Data_flip_flop/VWF/Data_flip_flop.vwf --testbench_file=D:/code-file/FPGA_TEST/Data_flip_flop/PRJ/simulation/qsim/Waveform.vwf.vt
quartus_eda --write_settings_files=off --simulation=on --functional=off --flatten_buses=off --timescale=1ps --tool=modelsim_oem --format=verilog --output_directory=D:/code-file/FPGA_TEST/Data_flip_flop/PRJ/simulation/qsim/ Data_flip_flop -c Data_flip_flop



